<?xml version="1.0" encoding="utf-8"?><testsuites name="pytest tests"><testsuite name="pytest" errors="0" failures="0" skipped="0" tests="12" time="4.908" timestamp="2026-04-15T08:04:48.814885+00:00" hostname="agent-env-46254648-744f-41e7-bb2c-94fba0eff987"><testcase classname="backend.tests.test_iteration8_fixes.TestIteration8Fixes" name="test_kpis_shortlisted_excludes_rejected" time="0.441" /><testcase classname="backend.tests.test_iteration8_fixes.TestIteration8Fixes" name="test_shortlisted_candidates_verify_logic" time="0.420" /><testcase classname="backend.tests.test_iteration8_fixes.TestIteration8Fixes" name="test_kpis_interviews_scheduled_future_only" time="0.448" /><testcase classname="backend.tests.test_iteration8_fixes.TestIteration8Fixes" name="test_pipeline_shows_submitted_stage" time="0.370" /><testcase classname="backend.tests.test_iteration8_fixes.TestIteration8Fixes" name="test_jd_download_endpoint_exists" time="0.435" /><testcase classname="backend.tests.test_iteration8_fixes.TestIteration8Fixes" name="test_interviews_include_remarks" time="0.371" /><testcase classname="backend.tests.test_iteration8_fixes.TestIteration8Fixes" name="test_dropoff_detail_endpoint" time="0.380" /><testcase classname="backend.tests.test_iteration8_fixes.TestIteration8Fixes" name="test_dropoff_detail_shortlist_to_interview" time="0.383" /><testcase classname="backend.tests.test_iteration8_fixes.TestIteration8Fixes" name="test_kpis_other_values_correct" time="0.391" /><testcase classname="backend.tests.test_iteration8_fixes.TestIteration8Fixes" name="test_pipeline_rejected_count" time="0.407" /><testcase classname="backend.tests.test_iteration8_fixes.TestIteration8Fixes" name="test_pipeline_shortlisted_count" time="0.368" /><testcase classname="backend.tests.test_iteration8_fixes.TestIteration8Fixes" name="test_pipeline_selected_count" time="0.410" /></testsuite></testsuites>