<?xml version="1.0" encoding="utf-8"?><testsuites name="pytest tests"><testsuite name="pytest" errors="0" failures="0" skipped="0" tests="12" time="2.273" timestamp="2026-04-16T11:47:36.816993+00:00" hostname="agent-env-46254648-744f-41e7-bb2c-94fba0eff987"><testcase classname="backend.tests.test_iteration13.TestRoleDistributionAPI" name="test_role_distribution_all_vendors" time="0.554" /><testcase classname="backend.tests.test_iteration13.TestRoleDistributionAPI" name="test_role_distribution_antino_vendor" time="0.108" /><testcase classname="backend.tests.test_iteration13.TestRoleDistributionAPI" name="test_role_distribution_case_insensitive" time="0.245" /><testcase classname="backend.tests.test_iteration13.TestInterviewAnalyticsAPI" name="test_interviews_endpoint" time="0.105" /><testcase classname="backend.tests.test_iteration13.TestInterviewAnalyticsAPI" name="test_normalize_interview_slot_format" time="0.117" /><testcase classname="backend.tests.test_iteration13.TestVendorAnalyticsAPI" name="test_vendors_endpoint" time="0.123" /><testcase classname="backend.tests.test_iteration13.TestVendorAnalyticsAPI" name="test_vendor_list_endpoint" time="0.103" /><testcase classname="backend.tests.test_iteration13.TestCandidatesAPI" name="test_candidates_have_submission_dates" time="0.163" /><testcase classname="backend.tests.test_iteration13.TestCandidatesAPI" name="test_candidates_have_interview_slots" time="0.137" /><testcase classname="backend.tests.test_iteration13.TestCandidatesAPI" name="test_candidates_vendor_filter" time="0.232" /><testcase classname="backend.tests.test_iteration13.TestKPIsAPI" name="test_kpis_filtered_with_vendor" time="0.194" /><testcase classname="backend.tests.test_iteration13.TestKPIsAPI" name="test_kpis_all_vendors" time="0.110" /></testsuite></testsuites>