<?xml version="1.0" encoding="utf-8"?><testsuites name="pytest tests"><testsuite name="pytest" errors="0" failures="0" skipped="0" tests="15" time="2.601" timestamp="2026-04-14T12:17:36.740280+00:00" hostname="agent-env-46254648-744f-41e7-bb2c-94fba0eff987"><testcase classname="backend.tests.test_iteration6_vendor_filter.TestVendorListEndpoint" name="test_vendor_list_returns_all_vendors" time="0.505" /><testcase classname="backend.tests.test_iteration6_vendor_filter.TestKPIsFilteredEndpoint" name="test_kpis_filtered_without_vendor" time="0.104" /><testcase classname="backend.tests.test_iteration6_vendor_filter.TestKPIsFilteredEndpoint" name="test_kpis_filtered_with_antino_vendor" time="0.125" /><testcase classname="backend.tests.test_iteration6_vendor_filter.TestKPIsFilteredEndpoint" name="test_kpis_filtered_with_date_and_vendor" time="0.159" /><testcase classname="backend.tests.test_iteration6_vendor_filter.TestPipelineFilteredEndpoint" name="test_pipeline_without_vendor" time="0.169" /><testcase classname="backend.tests.test_iteration6_vendor_filter.TestPipelineFilteredEndpoint" name="test_pipeline_with_antino_vendor" time="0.106" /><testcase classname="backend.tests.test_iteration6_vendor_filter.TestVendorDetailEndpoint" name="test_vendor_detail_returns_complete_data" time="0.133" /><testcase classname="backend.tests.test_iteration6_vendor_filter.TestCandidatesVendorFilter" name="test_candidates_filtered_by_vendor" time="0.111" /><testcase classname="backend.tests.test_iteration6_vendor_filter.TestNomineesEndpoint" name="test_nominees_for_python_fullstack" time="0.112" /><testcase classname="backend.tests.test_iteration6_vendor_filter.TestNomineesEndpoint" name="test_nominees_for_devops" time="0.106" /><testcase classname="backend.tests.test_iteration6_vendor_filter.TestNomineesEndpoint" name="test_nominees_for_nonexistent_role" time="0.143" /><testcase classname="backend.tests.test_iteration6_vendor_filter.TestExistingEndpointsRegression" name="test_kpis_endpoint" time="0.106" /><testcase classname="backend.tests.test_iteration6_vendor_filter.TestExistingEndpointsRegression" name="test_vendors_endpoint" time="0.142" /><testcase classname="backend.tests.test_iteration6_vendor_filter.TestExistingEndpointsRegression" name="test_roles_endpoint" time="0.137" /><testcase classname="backend.tests.test_iteration6_vendor_filter.TestExistingEndpointsRegression" name="test_candidates_endpoint" time="0.348" /></testsuite></testsuites>