<?xml version="1.0" encoding="utf-8"?><testsuites name="pytest tests"><testsuite name="pytest" errors="0" failures="0" skipped="0" tests="13" time="3.094" timestamp="2026-04-14T06:37:53.265161+00:00" hostname="agent-env-46254648-744f-41e7-bb2c-94fba0eff987"><testcase classname="backend.tests.test_hr_dashboard.TestAuth" name="test_login_success" time="0.467" /><testcase classname="backend.tests.test_hr_dashboard.TestAuth" name="test_login_invalid_credentials" time="0.053" /><testcase classname="backend.tests.test_hr_dashboard.TestKPIs" name="test_kpis_filtered_no_params" time="0.388" /><testcase classname="backend.tests.test_hr_dashboard.TestKPIs" name="test_kpis_filtered_with_date_range" time="0.067" /><testcase classname="backend.tests.test_hr_dashboard.TestContacts" name="test_contacts_list" time="0.618" /><testcase classname="backend.tests.test_hr_dashboard.TestContacts" name="test_contacts_search" time="0.053" /><testcase classname="backend.tests.test_hr_dashboard.TestAnalytics" name="test_vendors_analytics" time="0.371" /><testcase classname="backend.tests.test_hr_dashboard.TestAnalytics" name="test_pipeline_analytics" time="0.044" /><testcase classname="backend.tests.test_hr_dashboard.TestAnalytics" name="test_roles_analytics" time="0.045" /><testcase classname="backend.tests.test_hr_dashboard.TestAnalytics" name="test_interviews_analytics" time="0.046" /><testcase classname="backend.tests.test_hr_dashboard.TestCandidates" name="test_candidates_list" time="0.385" /><testcase classname="backend.tests.test_hr_dashboard.TestCandidates" name="test_candidates_filter_by_stage" time="0.047" /><testcase classname="backend.tests.test_hr_dashboard.TestExport" name="test_export_candidates" time="0.410" /></testsuite></testsuites>