<?xml version="1.0" encoding="utf-8"?><testsuites name="pytest tests"><testsuite name="pytest" errors="0" failures="0" skipped="0" tests="11" time="3.019" timestamp="2026-04-14T06:51:52.990838+00:00" hostname="agent-env-46254648-744f-41e7-bb2c-94fba0eff987"><testcase classname="backend.tests.test_iteration3_features.TestSyncEndpoints" name="test_sync_all_endpoint_exists" time="1.422" /><testcase classname="backend.tests.test_iteration3_features.TestSyncEndpoints" name="test_sync_status_endpoint" time="0.048" /><testcase classname="backend.tests.test_iteration3_features.TestSyncEndpoints" name="test_sync_all_requires_admin" time="0.099" /><testcase classname="backend.tests.test_iteration3_features.TestRolesWithVendorMapping" name="test_roles_have_vendors_field" time="0.381" /><testcase classname="backend.tests.test_iteration3_features.TestRolesWithVendorMapping" name="test_vendor_mapping_structure" time="0.062" /><testcase classname="backend.tests.test_iteration3_features.TestRolesWithVendorMapping" name="test_roles_still_have_core_fields" time="0.058" /><testcase classname="backend.tests.test_iteration3_features.TestInterviewsWithNormalization" name="test_interviews_endpoint_returns_data" time="0.369" /><testcase classname="backend.tests.test_iteration3_features.TestInterviewsWithNormalization" name="test_interviews_include_status_based_records" time="0.045" /><testcase classname="backend.tests.test_iteration3_features.TestInterviewsWithNormalization" name="test_interviews_have_normalized_slot" time="0.045" /><testcase classname="backend.tests.test_iteration3_features.TestInterviewsWithNormalization" name="test_interviews_count_matches_expected" time="0.045" /><testcase classname="backend.tests.test_iteration3_features.TestKPIsStillWork" name="test_kpis_endpoint_works" time="0.376" /></testsuite></testsuites>