<?xml version="1.0" encoding="utf-8"?><testsuites name="pytest tests"><testsuite name="pytest" errors="0" failures="0" skipped="0" tests="8" time="3.611" timestamp="2026-04-14T09:45:28.560307+00:00" hostname="agent-env-46254648-744f-41e7-bb2c-94fba0eff987"><testcase classname="backend.tests.test_iteration4_ui_changes.TestJDEndpoints" name="test_jd_upload_endpoint_exists" time="0.457" /><testcase classname="backend.tests.test_iteration4_ui_changes.TestJDEndpoints" name="test_jd_get_endpoint_exists" time="0.418" /><testcase classname="backend.tests.test_iteration4_ui_changes.TestJDEndpoints" name="test_jd_upload_and_retrieve" time="0.463" /><testcase classname="backend.tests.test_iteration4_ui_changes.TestExistingEndpointsStillWork" name="test_analytics_kpis_filtered" time="0.417" /><testcase classname="backend.tests.test_iteration4_ui_changes.TestExistingEndpointsStillWork" name="test_analytics_roles" time="0.446" /><testcase classname="backend.tests.test_iteration4_ui_changes.TestExistingEndpointsStillWork" name="test_analytics_interviews" time="0.432" /><testcase classname="backend.tests.test_iteration4_ui_changes.TestExistingEndpointsStillWork" name="test_candidates_endpoint" time="0.441" /><testcase classname="backend.tests.test_iteration4_ui_changes.TestExistingEndpointsStillWork" name="test_analytics_vendors" time="0.456" /></testsuite></testsuites>