<?xml version="1.0" encoding="utf-8"?><testsuites name="pytest tests"><testsuite name="pytest" errors="0" failures="0" skipped="0" tests="12" time="4.969" timestamp="2026-04-15T07:27:52.243455+00:00" hostname="agent-env-46254648-744f-41e7-bb2c-94fba0eff987"><testcase classname="backend.tests.test_iteration7_kpi_counts.TestKPICountLogic" name="test_kpis_endpoint_returns_expected_counts" time="0.466" /><testcase classname="backend.tests.test_iteration7_kpi_counts.TestKPICountLogic" name="test_kpis_filtered_antino_vendor" time="0.369" /><testcase classname="backend.tests.test_iteration7_kpi_counts.TestKPICountLogic" name="test_kpis_filtered_bravia_vendor" time="0.386" /><testcase classname="backend.tests.test_iteration7_kpi_counts.TestHRSPOCNormalization" name="test_contacts_show_pujita_bhuyan" time="0.368" /><testcase classname="backend.tests.test_iteration7_kpi_counts.TestHRSPOCNormalization" name="test_candidates_have_normalized_hr_spoc" time="0.405" /><testcase classname="backend.tests.test_iteration7_kpi_counts.TestVendorFilterPropagation" name="test_candidates_filtered_by_vendor" time="0.544" /><testcase classname="backend.tests.test_iteration7_kpi_counts.TestVendorFilterPropagation" name="test_vendor_detail_endpoint" time="0.406" /><testcase classname="backend.tests.test_iteration7_kpi_counts.TestInterviewData" name="test_interviews_endpoint" time="0.384" /><testcase classname="backend.tests.test_iteration7_kpi_counts.TestAnalysisPageEndpoints" name="test_vendor_analytics" time="0.373" /><testcase classname="backend.tests.test_iteration7_kpi_counts.TestAnalysisPageEndpoints" name="test_role_analytics" time="0.401" /><testcase classname="backend.tests.test_iteration7_kpi_counts.TestJobOpeningsNominees" name="test_openings_endpoint" time="0.379" /><testcase classname="backend.tests.test_iteration7_kpi_counts.TestJobOpeningsNominees" name="test_nominees_endpoint" time="0.400" /></testsuite></testsuites>