<?xml version="1.0" encoding="utf-8"?><testsuites name="pytest tests"><testsuite name="pytest" errors="0" failures="0" skipped="0" tests="11" time="2.492" timestamp="2026-04-14T10:57:55.468434+00:00" hostname="agent-env-46254648-744f-41e7-bb2c-94fba0eff987"><testcase classname="backend.tests.test_iteration5_bugfixes.TestAuth" name="test_login_success" time="0.429" /><testcase classname="backend.tests.test_iteration5_bugfixes.TestJDUpload" name="test_jd_upload_txt_file" time="0.503" /><testcase classname="backend.tests.test_iteration5_bugfixes.TestJDUpload" name="test_jd_upload_pdf_file" time="0.238" /><testcase classname="backend.tests.test_iteration5_bugfixes.TestJDUpload" name="test_jd_get_after_upload" time="0.102" /><testcase classname="backend.tests.test_iteration5_bugfixes.TestCoreAPIs" name="test_candidates_endpoint" time="0.460" /><testcase classname="backend.tests.test_iteration5_bugfixes.TestCoreAPIs" name="test_analytics_kpis" time="0.121" /><testcase classname="backend.tests.test_iteration5_bugfixes.TestCoreAPIs" name="test_analytics_roles" time="0.128" /><testcase classname="backend.tests.test_iteration5_bugfixes.TestCoreAPIs" name="test_analytics_vendors" time="0.111" /><testcase classname="backend.tests.test_iteration5_bugfixes.TestCoreAPIs" name="test_analytics_interviews" time="0.109" /><testcase classname="backend.tests.test_iteration5_bugfixes.TestCoreAPIs" name="test_contacts_endpoint" time="0.101" /><testcase classname="backend.tests.test_iteration5_bugfixes.TestCoreAPIs" name="test_openings_endpoint" time="0.104" /></testsuite></testsuites>